2017-03-13 18:19:11 INFO  ConnectionManager:55 - Connection established!
2017-03-13 19:01:28 INFO  ConnectionManager:55 - Connection established!
2017-03-13 19:01:28 WARN  InitDB:29 - Can not execute query when insert into entities_type!
2017-03-13 19:01:28 INFO  ConnectionManager:55 - Connection established!
2017-03-13 19:01:28 WARN  InitDB:29 - Can not execute query when insert into entities_type!
2017-03-13 19:01:28 INFO  ConnectionManager:55 - Connection established!
2017-03-13 19:01:28 WARN  InitDB:29 - Can not execute query when insert into entities_type!
2017-03-13 19:01:28 INFO  ConnectionManager:55 - Connection established!
2017-03-13 19:01:28 WARN  InitDB:29 - Can not execute query when insert into entities_type!
2017-03-13 19:01:28 INFO  ConnectionManager:55 - Connection established!
2017-03-13 19:01:28 WARN  InitDB:29 - Can not execute query when insert into entities_type!
2017-03-13 19:01:28 INFO  ConnectionManager:55 - Connection established!
2017-03-13 19:01:28 WARN  InitDB:29 - Can not execute query when insert into entities_type!
2017-03-13 19:02:20 INFO  ConnectionManager:55 - Connection established!
2017-03-13 19:02:20 WARN  InitDB:29 - Can not execute query when insert into entities_type!
ERROR: syntax error at or near "$1"
  Position: 13
2017-03-13 19:02:20 INFO  ConnectionManager:55 - Connection established!
2017-03-13 19:02:20 WARN  InitDB:29 - Can not execute query when insert into entities_type!
ERROR: syntax error at or near "$1"
  Position: 13
2017-03-13 19:02:20 INFO  ConnectionManager:55 - Connection established!
2017-03-13 19:02:20 WARN  InitDB:29 - Can not execute query when insert into entities_type!
ERROR: syntax error at or near "$1"
  Position: 13
2017-03-13 19:02:20 INFO  ConnectionManager:55 - Connection established!
2017-03-13 19:02:20 WARN  InitDB:29 - Can not execute query when insert into entities_type!
ERROR: syntax error at or near "$1"
  Position: 13
2017-03-13 19:02:20 INFO  ConnectionManager:55 - Connection established!
2017-03-13 19:02:20 WARN  InitDB:29 - Can not execute query when insert into entities_type!
ERROR: syntax error at or near "$1"
  Position: 13
2017-03-13 19:02:20 INFO  ConnectionManager:55 - Connection established!
2017-03-13 19:02:20 WARN  InitDB:29 - Can not execute query when insert into entities_type!
ERROR: syntax error at or near "$1"
  Position: 13
2017-03-13 19:03:08 INFO  ConnectionManager:55 - Connection established!
2017-03-13 19:03:08 INFO  ConnectionManager:55 - Connection established!
2017-03-13 19:03:08 INFO  ConnectionManager:55 - Connection established!
2017-03-13 19:03:08 INFO  ConnectionManager:55 - Connection established!
2017-03-13 19:03:08 INFO  ConnectionManager:55 - Connection established!
2017-03-13 19:03:08 INFO  ConnectionManager:55 - Connection established!
2017-03-13 19:05:18 INFO  ConnectionManager:55 - Connection established!
2017-03-13 19:05:18 INFO  ConnectionManager:55 - Connection established!
2017-03-13 19:05:18 INFO  ConnectionManager:55 - Connection established!
2017-03-13 19:05:19 INFO  ConnectionManager:55 - Connection established!
2017-03-13 19:05:19 INFO  ConnectionManager:55 - Connection established!
2017-03-13 19:05:49 DEBUG ConnectionManager:55 - Connection established!
2017-03-13 19:06:42 WARN  InitDB:28 - Can not execute query when insert into entities_type!
ERROR: duplicate key value violates unique constraint "entities_type_name_key"
  Detail: Key (name)=(project.Project) already exists.
2017-03-13 19:06:42 WARN  InitDB:28 - Can not execute query when insert into entities_type!
ERROR: duplicate key value violates unique constraint "entities_type_name_key"
  Detail: Key (name)=(project.Sprint) already exists.
2017-03-13 19:06:42 WARN  InitDB:28 - Can not execute query when insert into entities_type!
ERROR: duplicate key value violates unique constraint "entities_type_name_key"
  Detail: Key (name)=(project.Task) already exists.
2017-03-13 19:06:42 WARN  InitDB:28 - Can not execute query when insert into entities_type!
ERROR: duplicate key value violates unique constraint "entities_type_name_key"
  Detail: Key (name)=(project.TaskStatus) already exists.
2017-03-13 19:06:42 WARN  InitDB:28 - Can not execute query when insert into entities_type!
ERROR: duplicate key value violates unique constraint "entities_type_name_key"
  Detail: Key (name)=(Company) already exists.
2017-03-13 19:11:04 ERROR InitDB:65 - BOOLEAN
2017-03-13 19:11:12 ERROR InitDB:65 - BOOLEAN
2017-03-13 19:12:01 ERROR InitDB:65 - 1
2017-03-13 20:09:10 WARN  InitDB:42 - Can not execute query when insert into entities_type!
ERROR: duplicate key value violates unique constraint "attribute_types_name_key"
  Detail: Key (name)=(BOOLEAN) already exists.
2017-03-13 20:09:10 WARN  InitDB:42 - Can not execute query when insert into entities_type!
ERROR: duplicate key value violates unique constraint "attribute_types_name_key"
  Detail: Key (name)=(DATE) already exists.
2017-03-13 20:09:10 WARN  InitDB:42 - Can not execute query when insert into entities_type!
ERROR: duplicate key value violates unique constraint "attribute_types_name_key"
  Detail: Key (name)=(DOUBLE) already exists.
2017-03-13 20:09:10 WARN  InitDB:42 - Can not execute query when insert into entities_type!
ERROR: duplicate key value violates unique constraint "attribute_types_name_key"
  Detail: Key (name)=(INTEGER) already exists.
2017-03-13 20:09:10 WARN  InitDB:42 - Can not execute query when insert into entities_type!
ERROR: duplicate key value violates unique constraint "attribute_types_name_key"
  Detail: Key (name)=(STRING) already exists.
2017-03-13 20:52:19 WARN  InitDB:89 - Can not execute query when insert into entities_type!
ERROR: syntax error at or near "SELECT"
  Position: 47
2017-03-13 20:57:26 WARN  InitDB:93 - Can not execute query when insert into entities_type!
ResultSet not positioned properly, perhaps you need to call next.
2017-03-13 21:00:22 WARN  InitDB:95 - Can not execute query when insert into entities_type!
ResultSet not positioned properly, perhaps you need to call next.
2017-03-13 21:00:40 WARN  InitDB:95 - Can not execute query when insert into entities_type!
ResultSet not positioned properly, perhaps you need to call next.
2017-03-13 21:00:55 ERROR InitDB:74 - ERROR
2017-03-13 21:00:55 WARN  InitDB:97 - Can not execute query when insert into entities_type!
ResultSet not positioned properly, perhaps you need to call next.
2017-03-13 21:01:17 ERROR InitDB:74 - org.postgresql.jdbc.PgResultSet@123772c4
2017-03-13 21:01:17 WARN  InitDB:97 - Can not execute query when insert into entities_type!
ResultSet not positioned properly, perhaps you need to call next.
2017-03-13 21:03:46 ERROR InitDB:71 - 1
2017-03-13 21:03:46 ERROR InitDB:74 - org.postgresql.jdbc.PgResultSet@69222c14
2017-03-13 21:03:46 WARN  InitDB:97 - Can not execute query when insert into entities_type!
ResultSet not positioned properly, perhaps you need to call next.
2017-03-13 21:09:50 ERROR InitDB:68 - 1
2017-03-13 21:09:50 WARN  InitDB:94 - Can not execute query when insert into entities_type!
ERROR: syntax error at or near "references"
  Position: 13
2017-03-13 21:12:28 ERROR InitDB:68 - 1
2017-03-13 21:12:28 WARN  InitDB:90 - Can not execute query when insert into entities_type!
ERROR: syntax error at or near "`"
  Position: 13
2017-03-13 21:13:05 ERROR InitDB:68 - 1
2017-03-13 21:13:05 WARN  InitDB:90 - Can not execute query when insert into entities_type!
ERROR: syntax error at or near "'references'"
  Position: 13
2017-03-13 21:13:45 ERROR InitDB:68 - 1
2017-03-13 21:14:22 ERROR InitDB:68 - 1
2017-03-14 12:21:08 WARN  UserDAO:40 - Can not insert value into xml-file! null
2017-03-14 12:22:56 WARN  UserDAO:41 - Can not insert value into xml-file! null
2017-03-14 12:26:50 WARN  UserDAO:41 - Can not insert value into xml-file! null
2017-03-14 13:00:15 WARN  UserDAO:64 - Can not insert value into xml-file! class java.util.ArrayList nor any of its super class is known to this context.
2017-03-14 13:00:31 WARN  UserDAO:64 - Can not insert value into xml-file! class java.util.ArrayList nor any of its super class is known to this context.
2017-03-14 13:25:34 WARN  UserDAO:50 - Can not insert value into xml-file! null
2017-03-14 13:25:57 WARN  UserDAO:50 - Can not insert value into xml-file! null
2017-03-14 13:26:57 WARN  UserDAO:52 - Can not insert value into xml-file! class dao.xml.users.Users nor any of its super class is known to this context.
2017-03-14 13:28:26 WARN  UserDAO:52 - Can not insert value into xml-file! null
2017-03-14 13:28:46 WARN  UserDAO:52 - Can not insert value into xml-file! null
2017-03-14 13:29:09 WARN  UserDAO:52 - Can not insert value into xml-file! class dao.xml.users.Users nor any of its super class is known to this context.
2017-03-14 13:29:58 WARN  UserDAO:52 - Can not insert value into xml-file! class dao.xml.users.Users nor any of its super class is known to this context.
2017-03-14 13:32:21 WARN  UserDAO:52 - Can not insert value into xml-file! class dao.xml.users.Users nor any of its super class is known to this context.
2017-03-14 13:34:29 WARN  UserDAO:52 - Can not insert value into xml-file! null
